
Showing logs for build [32momnidapps-environment-jxrocks-s-wlwpd-1[0m stage [32mfrom-build-pack[0m and container [32mstep-credential-initializer-dvlsr[0m
{"level":"warn","ts":1583454801.320074,"logger":"fallback-logger","caller":"logging/config.go:69","msg":"Fetch GitHub commit ID from kodata failed: \"ref: refs/heads/0.8.0-**-support-backwards-incompats\" is not a valid GitHub commit ID"}
{"level":"info","ts":1583454801.320833,"logger":"fallback-logger","caller":"creds-init/main.go:40","msg":"Credentials initialized."}

Showing logs for build [32momnidapps-environment-jxrocks-s-wlwpd-1[0m stage [32mfrom-build-pack[0m and container [32mstep-working-dir-initializer-zptkw[0m
{"level":"warn","ts":1583454802.409988,"logger":"fallback-logger","caller":"logging/config.go:69","msg":"Fetch GitHub commit ID from kodata failed: open /var/run/ko/HEAD: no such file or directory"}
{"level":"info","ts":1583454802.413259,"logger":"fallback-logger","caller":"bash/main.go:64","msg":"Successfully executed command \"sh -c mkdir -p /workspace/source\"; output "}

Showing logs for build [32momnidapps-environment-jxrocks-s-wlwpd-1[0m stage [32mfrom-build-pack[0m and container [32mstep-place-tools[0m

Showing logs for build [32momnidapps-environment-jxrocks-s-wlwpd-1[0m stage [32mfrom-build-pack[0m and container [32mstep-git-source-omnidapps-environment-jxrocks-s-wlwpd-sn5tl[0m
{"level":"warn","ts":1583454830.462663,"logger":"fallback-logger","caller":"logging/config.go:69","msg":"Fetch GitHub commit ID from kodata failed: \"ref: refs/heads/0.8.0-**-support-backwards-incompats\" is not a valid GitHub commit ID"}
{"level":"info","ts":1583454830.7322865,"logger":"fallback-logger","caller":"git/git.go:103","msg":"Successfully cloned https://github.com/OmnidApps/environment-**rocks-staging.git @ master in path /workspace/source"}

Showing logs for build [32momnidapps-environment-jxrocks-s-wlwpd-1[0m stage [32mfrom-build-pack[0m and container [32mstep-git-merge[0m
Using SHAs from PULL_REFS=master:6084a0ba1e86ef15355ca7005b6983f54b72a212,1:8d6611959316b7288a4f35d28e1f4450bb4266c4
DEBUG: LC_ALL=C JX_LOG_LEVEL=error git fetch origin --unshallow 8d6611959316b7288a4f35d28e1f4450bb4266c4: 6084a0ba1e86ef15355ca7005b6983f54b72a212:
DEBUG: ran git fetch --unshallow origin 8d6611959316b7288a4f35d28e1f4450bb4266c4: 6084a0ba1e86ef15355ca7005b6983f54b72a212: in 
DEBUG: LC_ALL=C JX_LOG_LEVEL=error git branch
DEBUG: LC_ALL=C JX_LOG_LEVEL=error git checkout master
DEBUG: ran git checkout master in 
DEBUG: LC_ALL=C JX_LOG_LEVEL=error git reset --hard 6084a0ba1e86ef15355ca7005b6983f54b72a212
DEBUG: ran git reset --hard 6084a0ba1e86ef15355ca7005b6983f54b72a212 in 
DEBUG: LC_ALL=C JX_LOG_LEVEL=error git clean -fd .
DEBUG: ran clean --force -d . in 
DEBUG: LC_ALL=C JX_LOG_LEVEL=error git merge 8d6611959316b7288a4f35d28e1f4450bb4266c4
DEBUG: ran git merge 8d6611959316b7288a4f35d28e1f4450bb4266c4 in 
DEBUG: LC_ALL=C JX_LOG_LEVEL=error git log --format=%H%x1f%an%x1f%ae%x1f%cn%x1f%ce%x1f%s%n%b%x1e 6084a0ba1e86ef15355ca7005b6983f54b72a212..HEAD
Merged SHA 8d6611959316b7288a4f35d28e1f4450bb4266c4 with commit message 'chore: Promote skiapp to version 0.0.43' into base branch master

Showing logs for build [32momnidapps-environment-jxrocks-s-wlwpd-1[0m stage [32mfrom-build-pack[0m and container [32mstep-build-helm-build[0m
WARNING: No $CHART_REPOSITORY defined so using the default value of: http://jenkins-x-chartmuseum:8080
Adding missing Helm repo: storage.googleapis.com https://storage.googleapis.com/chartmuseum.jenkins-x.io
Successfully added Helm repository storage.googleapis.com.
Adding missing Helm repo: jenkins-x-chartmuseum http://jenkins-x-chartmuseum:8080
Successfully added Helm repository jenkins-x-chartmuseum.
WARNING: No $CHART_REPOSITORY defined so using the default value of: http://jenkins-x-chartmuseum:8080
Adding missing Helm repo: chartmuseum.jenkins-x.io http://chartmuseum.jenkins-x.io
Successfully added Helm repository chartmuseum.jenkins-x.io.
